[0.072s] DEBUG:colcon:Command line arguments: ['/usr/bin/colcon', 'list', '-p', '--base-paths', '/home/chris/team3_ws']
[0.072s] DEBUG:colcon:Parsed command line arguments: Namespace(log_base=None, log_level=None, verb_name='list', build_base='build', ignore_user_meta=False, metas=['./colcon.meta'], base_paths=['/home/chris/team3_ws'], packages_ignore=None, packages_ignore_regex=None, paths=None, packages_up_to=None, packages_up_to_regex=None, packages_above=None, packages_above_and_dependencies=None, packages_above_depth=None, packages_select_by_dep=None, packages_skip_by_dep=None, packages_skip_up_to=None, packages_select_build_failed=False, packages_skip_build_finished=False, packages_select_test_failures=False, packages_skip_test_passed=False, packages_select=None, packages_skip=None, packages_select_regex=None, packages_skip_regex=None, packages_start=None, packages_end=None, allow_overriding=[], topological_order=False, names_only=False, paths_only=True, topological_graph=False, topological_graph_dot=False, topological_graph_density=False, topological_graph_legend=False, topological_graph_dot_cluster=False, topological_graph_dot_include_skipped=False, mixin_files=None, mixin=None, verb_parser=<colcon_mixin.mixin.mixin_argument.MixinArgumentDecorator object at 0x77c92c74ca90>, verb_extension=<colcon_package_information.verb.list.ListVerb object at 0x77c92c717a90>, main=<bound method ListVerb.main of <colcon_package_information.verb.list.ListVerb object at 0x77c92c717a90>>, mixin_verb=('list',))
[0.097s] Level 1:colcon.colcon_core.package_discovery:discover_packages(colcon_meta) check parameters
[0.097s] Level 1:colcon.colcon_core.package_discovery:discover_packages(recursive) check parameters
[0.097s] Level 1:colcon.colcon_core.package_discovery:discover_packages(ignore) check parameters
[0.097s] Level 1:colcon.colcon_core.package_discovery:discover_packages(path) check parameters
[0.097s] Level 1:colcon.colcon_core.package_discovery:discover_packages(recursive) discover
[0.098s] INFO:colcon.colcon_core.package_discovery:Crawling recursively for packages in '/home/chris/team3_ws'
[0.098s] Level 1:colcon.colcon_core.package_identification:_identify(/home/chris/team3_ws) by extensions ['ignore', 'ignore_ament_install']
[0.098s] Level 1:colcon.colcon_core.package_identification:_identify(/home/chris/team3_ws) by extension 'ignore'
[0.098s] Level 1:colcon.colcon_core.package_identification:_identify(/home/chris/team3_ws) by extension 'ignore_ament_install'
[0.098s] Level 1:colcon.colcon_core.package_identification:_identify(/home/chris/team3_ws) by extensions ['colcon_pkg']
[0.098s] Level 1:colcon.colcon_core.package_identification:_identify(/home/chris/team3_ws) by extension 'colcon_pkg'
[0.098s] Level 1:colcon.colcon_core.package_identification:_identify(/home/chris/team3_ws) by extensions ['colcon_meta']
[0.098s] Level 1:colcon.colcon_core.package_identification:_identify(/home/chris/team3_ws) by extension 'colcon_meta'
[0.098s] Level 1:colcon.colcon_core.package_identification:_identify(/home/chris/team3_ws) by extensions ['ros']
[0.098s] Level 1:colcon.colcon_core.package_identification:_identify(/home/chris/team3_ws) by extension 'ros'
[0.108s] Level 1:colcon.colcon_core.package_identification:_identify(/home/chris/team3_ws) by extensions ['cmake', 'python']
[0.108s] Level 1:colcon.colcon_core.package_identification:_identify(/home/chris/team3_ws) by extension 'cmake'
[0.108s] Level 1:colcon.colcon_core.package_identification:_identify(/home/chris/team3_ws) by extension 'python'
[0.108s] Level 1:colcon.colcon_core.package_identification:_identify(/home/chris/team3_ws) by extensions ['python_setup_py']
[0.108s] Level 1:colcon.colcon_core.package_identification:_identify(/home/chris/team3_ws) by extension 'python_setup_py'
[0.108s] Level 1:colcon.colcon_core.package_identification:_identify(/home/chris/team3_ws/log) by extensions ['ignore', 'ignore_ament_install']
[0.108s] Level 1:colcon.colcon_core.package_identification:_identify(/home/chris/team3_ws/log) by extension 'ignore'
[0.108s] Level 1:colcon.colcon_core.package_identification:_identify(/home/chris/team3_ws/log) ignored
[0.108s] Level 1:colcon.colcon_core.package_identification:_identify(/home/chris/team3_ws/src) by extensions ['ignore', 'ignore_ament_install']
[0.108s] Level 1:colcon.colcon_core.package_identification:_identify(/home/chris/team3_ws/src) by extension 'ignore'
[0.108s] Level 1:colcon.colcon_core.package_identification:_identify(/home/chris/team3_ws/src) by extension 'ignore_ament_install'
[0.108s] Level 1:colcon.colcon_core.package_identification:_identify(/home/chris/team3_ws/src) by extensions ['colcon_pkg']
[0.108s] Level 1:colcon.colcon_core.package_identification:_identify(/home/chris/team3_ws/src) by extension 'colcon_pkg'
[0.108s] Level 1:colcon.colcon_core.package_identification:_identify(/home/chris/team3_ws/src) by extensions ['colcon_meta']
[0.108s] Level 1:colcon.colcon_core.package_identification:_identify(/home/chris/team3_ws/src) by extension 'colcon_meta'
[0.108s] Level 1:colcon.colcon_core.package_identification:_identify(/home/chris/team3_ws/src) by extensions ['ros']
[0.108s] Level 1:colcon.colcon_core.package_identification:_identify(/home/chris/team3_ws/src) by extension 'ros'
[0.108s] Level 1:colcon.colcon_core.package_identification:_identify(/home/chris/team3_ws/src) by extensions ['cmake', 'python']
[0.108s] Level 1:colcon.colcon_core.package_identification:_identify(/home/chris/team3_ws/src) by extension 'cmake'
[0.108s] Level 1:colcon.colcon_core.package_identification:_identify(/home/chris/team3_ws/src) by extension 'python'
[0.108s] Level 1:colcon.colcon_core.package_identification:_identify(/home/chris/team3_ws/src) by extensions ['python_setup_py']
[0.108s] Level 1:colcon.colcon_core.package_identification:_identify(/home/chris/team3_ws/src) by extension 'python_setup_py'
[0.108s] Level 1:colcon.colcon_core.package_identification:_identify(/home/chris/team3_ws/src/global_planner) by extensions ['ignore', 'ignore_ament_install']
[0.109s] Level 1:colcon.colcon_core.package_identification:_identify(/home/chris/team3_ws/src/global_planner) by extension 'ignore'
[0.109s] Level 1:colcon.colcon_core.package_identification:_identify(/home/chris/team3_ws/src/global_planner) by extension 'ignore_ament_install'
[0.109s] Level 1:colcon.colcon_core.package_identification:_identify(/home/chris/team3_ws/src/global_planner) by extensions ['colcon_pkg']
[0.109s] Level 1:colcon.colcon_core.package_identification:_identify(/home/chris/team3_ws/src/global_planner) by extension 'colcon_pkg'
[0.109s] Level 1:colcon.colcon_core.package_identification:_identify(/home/chris/team3_ws/src/global_planner) by extensions ['colcon_meta']
[0.109s] Level 1:colcon.colcon_core.package_identification:_identify(/home/chris/team3_ws/src/global_planner) by extension 'colcon_meta'
[0.109s] Level 1:colcon.colcon_core.package_identification:_identify(/home/chris/team3_ws/src/global_planner) by extensions ['ros']
[0.109s] Level 1:colcon.colcon_core.package_identification:_identify(/home/chris/team3_ws/src/global_planner) by extension 'ros'
[0.110s] DEBUG:colcon.colcon_core.package_identification:Package '/home/chris/team3_ws/src/global_planner' with type 'ros.ament_python' and name 'global_planner'
[0.110s] Level 1:colcon.colcon_core.package_identification:_identify(/home/chris/team3_ws/src/local_planner) by extensions ['ignore', 'ignore_ament_install']
[0.110s] Level 1:colcon.colcon_core.package_identification:_identify(/home/chris/team3_ws/src/local_planner) by extension 'ignore'
[0.110s] Level 1:colcon.colcon_core.package_identification:_identify(/home/chris/team3_ws/src/local_planner) by extension 'ignore_ament_install'
[0.111s] Level 1:colcon.colcon_core.package_identification:_identify(/home/chris/team3_ws/src/local_planner) by extensions ['colcon_pkg']
[0.111s] Level 1:colcon.colcon_core.package_identification:_identify(/home/chris/team3_ws/src/local_planner) by extension 'colcon_pkg'
[0.111s] Level 1:colcon.colcon_core.package_identification:_identify(/home/chris/team3_ws/src/local_planner) by extensions ['colcon_meta']
[0.111s] Level 1:colcon.colcon_core.package_identification:_identify(/home/chris/team3_ws/src/local_planner) by extension 'colcon_meta'
[0.111s] Level 1:colcon.colcon_core.package_identification:_identify(/home/chris/team3_ws/src/local_planner) by extensions ['ros']
[0.111s] Level 1:colcon.colcon_core.package_identification:_identify(/home/chris/team3_ws/src/local_planner) by extension 'ros'
[0.111s] DEBUG:colcon.colcon_core.package_identification:Package '/home/chris/team3_ws/src/local_planner' with type 'ros.ament_python' and name 'local_planner'
[0.111s] Level 1:colcon.colcon_core.package_discovery:discover_packages(recursive) using defaults
