running egg_info
creating build/local_planner/local_planner.egg-info
writing build/local_planner/local_planner.egg-info/PKG-INFO
writing dependency_links to build/local_planner/local_planner.egg-info/dependency_links.txt
writing entry points to build/local_planner/local_planner.egg-info/entry_points.txt
writing requirements to build/local_planner/local_planner.egg-info/requires.txt
writing top-level names to build/local_planner/local_planner.egg-info/top_level.txt
writing manifest file 'build/local_planner/local_planner.egg-info/SOURCES.txt'
reading manifest file 'build/local_planner/local_planner.egg-info/SOURCES.txt'
writing manifest file 'build/local_planner/local_planner.egg-info/SOURCES.txt'
running build
running build_py
creating /home/mcity/planning_ws/src/local_planner/build/local_planner/build
creating /home/mcity/planning_ws/src/local_planner/build/local_planner/build/lib
creating /home/mcity/planning_ws/src/local_planner/build/local_planner/build/lib/local_planner
copying local_planner/__init__.py -> /home/mcity/planning_ws/src/local_planner/build/local_planner/build/lib/local_planner
copying local_planner/local_planner.py -> /home/mcity/planning_ws/src/local_planner/build/local_planner/build/lib/local_planner
running install
running install_lib
creating /home/mcity/planning_ws/src/local_planner/install/local_planner/lib/python3.10/site-packages/local_planner
copying /home/mcity/planning_ws/src/local_planner/build/local_planner/build/lib/local_planner/__init__.py -> /home/mcity/planning_ws/src/local_planner/install/local_planner/lib/python3.10/site-packages/local_planner
copying /home/mcity/planning_ws/src/local_planner/build/local_planner/build/lib/local_planner/local_planner.py -> /home/mcity/planning_ws/src/local_planner/install/local_planner/lib/python3.10/site-packages/local_planner
byte-compiling /home/mcity/planning_ws/src/local_planner/install/local_planner/lib/python3.10/site-packages/local_planner/__init__.py to __init__.cpython-310.pyc
byte-compiling /home/mcity/planning_ws/src/local_planner/install/local_planner/lib/python3.10/site-packages/local_planner/local_planner.py to local_planner.cpython-310.pyc
running install_data
creating /home/mcity/planning_ws/src/local_planner/install/local_planner/share/ament_index
creating /home/mcity/planning_ws/src/local_planner/install/local_planner/share/ament_index/resource_index
creating /home/mcity/planning_ws/src/local_planner/install/local_planner/share/ament_index/resource_index/packages
copying resource/local_planner -> /home/mcity/planning_ws/src/local_planner/install/local_planner/share/ament_index/resource_index/packages
copying package.xml -> /home/mcity/planning_ws/src/local_planner/install/local_planner/share/local_planner
creating /home/mcity/planning_ws/src/local_planner/install/local_planner/share/local_planner/launch
copying local_planner/launch/nav2_with_dwb.launch.py -> /home/mcity/planning_ws/src/local_planner/install/local_planner/share/local_planner/launch
copying local_planner/launch/local_planner.launch.py -> /home/mcity/planning_ws/src/local_planner/install/local_planner/share/local_planner/launch
creating /home/mcity/planning_ws/src/local_planner/install/local_planner/share/local_planner/param
copying local_planner/param/dwb_config.yaml -> /home/mcity/planning_ws/src/local_planner/install/local_planner/share/local_planner/param
running install_egg_info
Copying build/local_planner/local_planner.egg-info to /home/mcity/planning_ws/src/local_planner/install/local_planner/lib/python3.10/site-packages/local_planner-0.0.1-py3.10.egg-info
running install_scripts
Installing local_planner_node script to /home/mcity/planning_ws/src/local_planner/install/local_planner/lib/local_planner
writing list of installed files to '/home/mcity/planning_ws/src/local_planner/build/local_planner/install.log'
