[0.421s] Invoking command in '/home/mcity/planning_ws/src/local_planner': PYTHONPATH=/home/mcity/planning_ws/src/local_planner/build/local_planner/prefix_override:/usr/lib/python3/dist-packages/colcon_core/task/python/colcon_distutils_commands:/home/mcity/planning_ws/src/local_planner/install/local_planner/lib/python3.10/site-packages:${PYTHONPATH} /usr/bin/python3 -W ignore:setup.py install is deprecated -W ignore:easy_install command is deprecated setup.py egg_info --egg-base build/local_planner build --build-base /home/mcity/planning_ws/src/local_planner/build/local_planner/build install --record /home/mcity/planning_ws/src/local_planner/build/local_planner/install.log --single-version-externally-managed install_data
[0.582s] running egg_info
[0.583s] creating build/local_planner/local_planner.egg-info
[0.583s] writing build/local_planner/local_planner.egg-info/PKG-INFO
[0.583s] writing dependency_links to build/local_planner/local_planner.egg-info/dependency_links.txt
[0.583s] writing entry points to build/local_planner/local_planner.egg-info/entry_points.txt
[0.583s] writing requirements to build/local_planner/local_planner.egg-info/requires.txt
[0.583s] writing top-level names to build/local_planner/local_planner.egg-info/top_level.txt
[0.583s] writing manifest file 'build/local_planner/local_planner.egg-info/SOURCES.txt'
[0.586s] reading manifest file 'build/local_planner/local_planner.egg-info/SOURCES.txt'
[0.586s] writing manifest file 'build/local_planner/local_planner.egg-info/SOURCES.txt'
[0.587s] running build
[0.587s] running build_py
[0.587s] creating /home/mcity/planning_ws/src/local_planner/build/local_planner/build
[0.587s] creating /home/mcity/planning_ws/src/local_planner/build/local_planner/build/lib
[0.587s] creating /home/mcity/planning_ws/src/local_planner/build/local_planner/build/lib/local_planner
[0.587s] copying local_planner/__init__.py -> /home/mcity/planning_ws/src/local_planner/build/local_planner/build/lib/local_planner
[0.587s] copying local_planner/local_planner.py -> /home/mcity/planning_ws/src/local_planner/build/local_planner/build/lib/local_planner
[0.587s] running install
[0.587s] running install_lib
[0.588s] creating /home/mcity/planning_ws/src/local_planner/install/local_planner/lib/python3.10/site-packages/local_planner
[0.588s] copying /home/mcity/planning_ws/src/local_planner/build/local_planner/build/lib/local_planner/__init__.py -> /home/mcity/planning_ws/src/local_planner/install/local_planner/lib/python3.10/site-packages/local_planner
[0.588s] copying /home/mcity/planning_ws/src/local_planner/build/local_planner/build/lib/local_planner/local_planner.py -> /home/mcity/planning_ws/src/local_planner/install/local_planner/lib/python3.10/site-packages/local_planner
[0.588s] byte-compiling /home/mcity/planning_ws/src/local_planner/install/local_planner/lib/python3.10/site-packages/local_planner/__init__.py to __init__.cpython-310.pyc
[0.588s] byte-compiling /home/mcity/planning_ws/src/local_planner/install/local_planner/lib/python3.10/site-packages/local_planner/local_planner.py to local_planner.cpython-310.pyc
[0.589s] running install_data
[0.589s] creating /home/mcity/planning_ws/src/local_planner/install/local_planner/share/ament_index
[0.589s] creating /home/mcity/planning_ws/src/local_planner/install/local_planner/share/ament_index/resource_index
[0.589s] creating /home/mcity/planning_ws/src/local_planner/install/local_planner/share/ament_index/resource_index/packages
[0.590s] copying resource/local_planner -> /home/mcity/planning_ws/src/local_planner/install/local_planner/share/ament_index/resource_index/packages
[0.590s] copying package.xml -> /home/mcity/planning_ws/src/local_planner/install/local_planner/share/local_planner
[0.590s] creating /home/mcity/planning_ws/src/local_planner/install/local_planner/share/local_planner/launch
[0.590s] copying local_planner/launch/nav2_with_dwb.launch.py -> /home/mcity/planning_ws/src/local_planner/install/local_planner/share/local_planner/launch
[0.590s] copying local_planner/launch/local_planner.launch.py -> /home/mcity/planning_ws/src/local_planner/install/local_planner/share/local_planner/launch
[0.590s] creating /home/mcity/planning_ws/src/local_planner/install/local_planner/share/local_planner/param
[0.590s] copying local_planner/param/dwb_config.yaml -> /home/mcity/planning_ws/src/local_planner/install/local_planner/share/local_planner/param
[0.590s] running install_egg_info
[0.591s] Copying build/local_planner/local_planner.egg-info to /home/mcity/planning_ws/src/local_planner/install/local_planner/lib/python3.10/site-packages/local_planner-0.0.1-py3.10.egg-info
[0.591s] running install_scripts
[0.607s] Installing local_planner_node script to /home/mcity/planning_ws/src/local_planner/install/local_planner/lib/local_planner
[0.607s] writing list of installed files to '/home/mcity/planning_ws/src/local_planner/build/local_planner/install.log'
[0.630s] Invoked command in '/home/mcity/planning_ws/src/local_planner' returned '0': PYTHONPATH=/home/mcity/planning_ws/src/local_planner/build/local_planner/prefix_override:/usr/lib/python3/dist-packages/colcon_core/task/python/colcon_distutils_commands:/home/mcity/planning_ws/src/local_planner/install/local_planner/lib/python3.10/site-packages:${PYTHONPATH} /usr/bin/python3 -W ignore:setup.py install is deprecated -W ignore:easy_install command is deprecated setup.py egg_info --egg-base build/local_planner build --build-base /home/mcity/planning_ws/src/local_planner/build/local_planner/build install --record /home/mcity/planning_ws/src/local_planner/build/local_planner/install.log --single-version-externally-managed install_data
